  Main.cpp
c:\repos\raytracing in a weekend\raytracing in a weekend\vec3.h(55): warning C4244: 'initializing': conversion from 'double' to 'float', possible loss of data
c:\repos\raytracing in a weekend\raytracing in a weekend\vec3.h(134): warning C4244: 'initializing': conversion from 'double' to 'float', possible loss of data
c:\repos\raytracing in a weekend\raytracing in a weekend\hitable_list.h(23): warning C4244: 'argument': conversion from 'double' to 'float', possible loss of data
c:\repos\raytracing in a weekend\raytracing in a weekend\rnd.h(14): warning C4244: 'argument': conversion from 'double' to 'float', possible loss of data
c:\repos\raytracing in a weekend\raytracing in a weekend\material.h(17): warning C4244: 'initializing': conversion from 'double' to 'float', possible loss of data
c:\repos\raytracing in a weekend\raytracing in a weekend\material.h(90): warning C4244: '=': conversion from 'double' to 'float', possible loss of data
c:\repos\raytracing in a weekend\raytracing in a weekend\camera.h(12): warning C4244: 'argument': conversion from 'double' to 'float', possible loss of data
c:\repos\raytracing in a weekend\raytracing in a weekend\camera.h(23): warning C4244: 'initializing': conversion from 'long double' to 'float', possible loss of data
c:\repos\raytracing in a weekend\raytracing in a weekend\camera.h(40): warning C4244: 'initializing': conversion from 'double' to 'float', possible loss of data
c:\repos\raytracing in a weekend\raytracing in a weekend\main.cpp(21): warning C4244: 'initializing': conversion from 'double' to 'float', possible loss of data
c:\repos\raytracing in a weekend\raytracing in a weekend\main.cpp(29): warning C4244: 'return': conversion from 'double' to 'float', possible loss of data
c:\repos\raytracing in a weekend\raytracing in a weekend\main.cpp(36): warning C4305: 'argument': truncation from 'double' to 'float'
c:\repos\raytracing in a weekend\raytracing in a weekend\main.cpp(49): warning C4244: 'initializing': conversion from 'double' to 'float', possible loss of data
c:\repos\raytracing in a weekend\raytracing in a weekend\main.cpp(50): warning C4244: 'argument': conversion from 'double' to 'float', possible loss of data
c:\repos\raytracing in a weekend\raytracing in a weekend\main.cpp(50): warning C4305: 'argument': truncation from 'double' to 'float'
c:\repos\raytracing in a weekend\raytracing in a weekend\main.cpp(61): warning C4244: 'initializing': conversion from 'double' to 'float', possible loss of data
c:\repos\raytracing in a weekend\raytracing in a weekend\main.cpp(62): warning C4244: 'argument': conversion from 'double' to 'float', possible loss of data
c:\repos\raytracing in a weekend\raytracing in a weekend\main.cpp(62): warning C4305: 'argument': truncation from 'double' to 'float'
c:\repos\raytracing in a weekend\raytracing in a weekend\main.cpp(63): warning C4305: 'argument': truncation from 'double' to 'float'
c:\repos\raytracing in a weekend\raytracing in a weekend\main.cpp(67): warning C4244: 'argument': conversion from 'double' to 'float', possible loss of data
c:\repos\raytracing in a weekend\raytracing in a weekend\main.cpp(72): warning C4244: 'argument': conversion from 'double' to 'float', possible loss of data
c:\repos\raytracing in a weekend\raytracing in a weekend\main.cpp(71): warning C4244: 'argument': conversion from 'double' to 'float', possible loss of data
c:\repos\raytracing in a weekend\raytracing in a weekend\main.cpp(70): warning C4244: 'argument': conversion from 'double' to 'float', possible loss of data
c:\repos\raytracing in a weekend\raytracing in a weekend\main.cpp(74): warning C4305: 'argument': truncation from 'double' to 'float'
c:\repos\raytracing in a weekend\raytracing in a weekend\main.cpp(82): warning C4244: 'argument': conversion from 'double' to 'float', possible loss of data
c:\repos\raytracing in a weekend\raytracing in a weekend\main.cpp(81): warning C4244: 'argument': conversion from 'double' to 'float', possible loss of data
c:\repos\raytracing in a weekend\raytracing in a weekend\main.cpp(80): warning C4244: 'argument': conversion from 'double' to 'float', possible loss of data
c:\repos\raytracing in a weekend\raytracing in a weekend\main.cpp(83): warning C4244: 'argument': conversion from 'double' to 'float', possible loss of data
c:\repos\raytracing in a weekend\raytracing in a weekend\main.cpp(85): warning C4305: 'argument': truncation from 'double' to 'float'
c:\repos\raytracing in a weekend\raytracing in a weekend\main.cpp(88): warning C4305: 'argument': truncation from 'double' to 'float'
c:\repos\raytracing in a weekend\raytracing in a weekend\main.cpp(95): warning C4305: 'argument': truncation from 'double' to 'float'
c:\repos\raytracing in a weekend\raytracing in a weekend\main.cpp(96): warning C4305: 'argument': truncation from 'double' to 'float'
c:\repos\raytracing in a weekend\raytracing in a weekend\main.cpp(120): warning C4244: 'initializing': conversion from 'long double' to 'float', possible loss of data
c:\repos\raytracing in a weekend\raytracing in a weekend\main.cpp(106): warning C4101: 'err': unreferenced local variable
  Generating code
  1 of 221 functions ( 0.5%) were compiled, the rest were copied from previous compilation.
    0 functions were new in current compilation
    0 functions had inline decision re-evaluated but remain unchanged
  Finished generating code
  raytracing in a weekend.vcxproj -> C:\Repos\raytracing in a weekend\Release\raytracing in a weekend.exe
