  Main.cpp
c:\repos\raytracing in a weekend\raytracing in a weekend\vec3.h(55): warning C4244: 'initializing': conversion from 'double' to 'float', possible loss of data
c:\repos\raytracing in a weekend\raytracing in a weekend\vec3.h(134): warning C4244: 'initializing': conversion from 'double' to 'float', possible loss of data
c:\repos\raytracing in a weekend\raytracing in a weekend\hitable_list.h(23): warning C4244: 'argument': conversion from 'double' to 'float', possible loss of data
c:\repos\raytracing in a weekend\raytracing in a weekend\rnd.h(14): warning C4244: 'argument': conversion from 'double' to 'float', possible loss of data
c:\repos\raytracing in a weekend\raytracing in a weekend\material.h(17): warning C4244: 'initializing': conversion from 'double' to 'float', possible loss of data
c:\repos\raytracing in a weekend\raytracing in a weekend\material.h(90): warning C4244: '=': conversion from 'double' to 'float', possible loss of data
c:\repos\raytracing in a weekend\raytracing in a weekend\camera.h(12): warning C4244: 'argument': conversion from 'double' to 'float', possible loss of data
c:\repos\raytracing in a weekend\raytracing in a weekend\camera.h(23): warning C4244: 'initializing': conversion from 'long double' to 'float', possible loss of data
c:\repos\raytracing in a weekend\raytracing in a weekend\camera.h(40): warning C4244: 'initializing': conversion from 'double' to 'float', possible loss of data
c:\repos\raytracing in a weekend\raytracing in a weekend\main.cpp(23): warning C4244: 'initializing': conversion from 'double' to 'float', possible loss of data
c:\repos\raytracing in a weekend\raytracing in a weekend\main.cpp(31): warning C4244: 'return': conversion from 'double' to 'float', possible loss of data
c:\repos\raytracing in a weekend\raytracing in a weekend\main.cpp(38): warning C4305: 'argument': truncation from 'double' to 'float'
c:\repos\raytracing in a weekend\raytracing in a weekend\main.cpp(51): warning C4244: 'initializing': conversion from 'double' to 'float', possible loss of data
c:\repos\raytracing in a weekend\raytracing in a weekend\main.cpp(52): warning C4244: 'argument': conversion from 'double' to 'float', possible loss of data
c:\repos\raytracing in a weekend\raytracing in a weekend\main.cpp(52): warning C4305: 'argument': truncation from 'double' to 'float'
c:\repos\raytracing in a weekend\raytracing in a weekend\main.cpp(63): warning C4244: 'initializing': conversion from 'double' to 'float', possible loss of data
c:\repos\raytracing in a weekend\raytracing in a weekend\main.cpp(64): warning C4244: 'argument': conversion from 'double' to 'float', possible loss of data
c:\repos\raytracing in a weekend\raytracing in a weekend\main.cpp(64): warning C4305: 'argument': truncation from 'double' to 'float'
c:\repos\raytracing in a weekend\raytracing in a weekend\main.cpp(65): warning C4305: 'argument': truncation from 'double' to 'float'
c:\repos\raytracing in a weekend\raytracing in a weekend\main.cpp(69): warning C4244: 'argument': conversion from 'double' to 'float', possible loss of data
c:\repos\raytracing in a weekend\raytracing in a weekend\main.cpp(74): warning C4244: 'argument': conversion from 'double' to 'float', possible loss of data
c:\repos\raytracing in a weekend\raytracing in a weekend\main.cpp(73): warning C4244: 'argument': conversion from 'double' to 'float', possible loss of data
c:\repos\raytracing in a weekend\raytracing in a weekend\main.cpp(72): warning C4244: 'argument': conversion from 'double' to 'float', possible loss of data
c:\repos\raytracing in a weekend\raytracing in a weekend\main.cpp(76): warning C4305: 'argument': truncation from 'double' to 'float'
c:\repos\raytracing in a weekend\raytracing in a weekend\main.cpp(84): warning C4244: 'argument': conversion from 'double' to 'float', possible loss of data
c:\repos\raytracing in a weekend\raytracing in a weekend\main.cpp(83): warning C4244: 'argument': conversion from 'double' to 'float', possible loss of data
c:\repos\raytracing in a weekend\raytracing in a weekend\main.cpp(82): warning C4244: 'argument': conversion from 'double' to 'float', possible loss of data
c:\repos\raytracing in a weekend\raytracing in a weekend\main.cpp(85): warning C4244: 'argument': conversion from 'double' to 'float', possible loss of data
c:\repos\raytracing in a weekend\raytracing in a weekend\main.cpp(87): warning C4305: 'argument': truncation from 'double' to 'float'
c:\repos\raytracing in a weekend\raytracing in a weekend\main.cpp(90): warning C4305: 'argument': truncation from 'double' to 'float'
c:\repos\raytracing in a weekend\raytracing in a weekend\main.cpp(97): warning C4305: 'argument': truncation from 'double' to 'float'
c:\repos\raytracing in a weekend\raytracing in a weekend\main.cpp(98): warning C4305: 'argument': truncation from 'double' to 'float'
c:\repos\raytracing in a weekend\raytracing in a weekend\main.cpp(126): warning C4244: 'initializing': conversion from 'long double' to 'float', possible loss of data
c:\repos\raytracing in a weekend\raytracing in a weekend\main.cpp(108): warning C4101: 'err': unreferenced local variable
  Generating code
  1 of 218 functions ( 0.5%) were compiled, the rest were copied from previous compilation.
    0 functions were new in current compilation
    0 functions had inline decision re-evaluated but remain unchanged
  Finished generating code
  raytracing in a weekend.vcxproj -> C:\Repos\raytracing in a weekend\x64\Release\raytracing in a weekend.exe
